<?xml version="1.0" encoding="UTF-8"?>
<!-- Generated by org.testng.reporters.JUnitReportReporter -->
<testsuite hostname="Ramineni" failures="0" tests="1" name="cucumber.TestNGTestRunner" time="45.542" errors="0" timestamp="2025-08-07T21:11:09 CDT" skipped="0">
  <testcase classname="cucumber.TestNGTestRunner" name="runScenario" time="45.542"/>
</testsuite> <!-- cucumber.TestNGTestRunner -->
